c:\users\maxst\desktop\sfml project\sfmlproject\sfmlproject\debug\vc141.pdb
c:\users\maxst\desktop\sfml project\sfmlproject\sfmlproject\debug\vc141.idb
c:\users\maxst\desktop\sfml project\sfmlproject\sfmlproject\debug\statemachine.obj
c:\users\maxst\desktop\sfml project\sfmlproject\sfmlproject\debug\splashstate.obj
c:\users\maxst\desktop\sfml project\sfmlproject\sfmlproject\debug\pipe.obj
c:\users\maxst\desktop\sfml project\sfmlproject\sfmlproject\debug\mainmenustate.obj
c:\users\maxst\desktop\sfml project\sfmlproject\sfmlproject\debug\main.obj
c:\users\maxst\desktop\sfml project\sfmlproject\sfmlproject\debug\inputmanager.obj
c:\users\maxst\desktop\sfml project\sfmlproject\sfmlproject\debug\gamestate.obj
c:\users\maxst\desktop\sfml project\sfmlproject\sfmlproject\debug\gameoverstate.obj
c:\users\maxst\desktop\sfml project\sfmlproject\sfmlproject\debug\game.obj
c:\users\maxst\desktop\sfml project\sfmlproject\sfmlproject\debug\assetmanager.obj
c:\users\maxst\desktop\cosc345\sfml minesweeper\sfmlproject\sfmlproject\debug\vc141.pdb
c:\users\maxst\desktop\cosc345\sfml minesweeper\sfmlproject\sfmlproject\debug\vc141.idb
c:\users\maxst\desktop\cosc345\sfml minesweeper\sfmlproject\sfmlproject\debug\statemachine.obj
c:\users\maxst\desktop\cosc345\sfml minesweeper\sfmlproject\sfmlproject\debug\splashstate.obj
c:\users\maxst\desktop\cosc345\sfml minesweeper\sfmlproject\sfmlproject\debug\main.obj
c:\users\maxst\desktop\cosc345\sfml minesweeper\sfmlproject\sfmlproject\debug\inputmanager.obj
c:\users\maxst\desktop\cosc345\sfml minesweeper\sfmlproject\sfmlproject\debug\gameoverstate.obj
c:\users\maxst\desktop\cosc345\sfml minesweeper\sfmlproject\sfmlproject\debug\game.obj
c:\users\maxst\desktop\cosc345\sfml minesweeper\sfmlproject\sfmlproject\debug\assetmanager.obj
c:\users\maxst\desktop\cosc345\sfml minesweeper\sfmlproject\sfmlproject\debug\mainmenustate.obj
c:\users\maxst\desktop\cosc345\sfml minesweeper\sfmlproject\sfmlproject\debug\gamestate.obj
c:\users\maxst\desktop\sfml project\sfmlproject\debug\sfmlproject.ilk
c:\users\maxst\desktop\sfml project\sfmlproject\debug\sfmlproject.exe
c:\users\maxst\desktop\sfml project\sfmlproject\debug\sfmlproject.pdb
c:\users\maxst\desktop\cosc345\sfml minesweeper\sfmlproject\debug\sfmlproject.exe
c:\users\maxst\desktop\cosc345\sfml minesweeper\sfmlproject\debug\sfmlproject.ilk
c:\users\maxst\desktop\cosc345\sfml minesweeper\sfmlproject\debug\sfmlproject.pdb
c:\users\maxst\desktop\cosc345repo\sfml minesweeper\sfmlproject\sfmlproject\debug\assetmanager.obj
c:\users\maxst\desktop\cosc345repo\sfml minesweeper\sfmlproject\sfmlproject\debug\game.obj
c:\users\maxst\desktop\cosc345repo\sfml minesweeper\sfmlproject\sfmlproject\debug\gameoverstate.obj
c:\users\maxst\desktop\cosc345repo\sfml minesweeper\sfmlproject\sfmlproject\debug\gamestate.obj
c:\users\maxst\desktop\cosc345repo\sfml minesweeper\sfmlproject\sfmlproject\debug\inputmanager.obj
c:\users\maxst\desktop\cosc345repo\sfml minesweeper\sfmlproject\sfmlproject\debug\main.obj
c:\users\maxst\desktop\cosc345repo\sfml minesweeper\sfmlproject\sfmlproject\debug\mainmenustate.obj
c:\users\maxst\desktop\cosc345repo\sfml minesweeper\sfmlproject\sfmlproject\debug\pipe.obj
c:\users\maxst\desktop\cosc345repo\sfml minesweeper\sfmlproject\sfmlproject\debug\splashstate.obj
c:\users\maxst\desktop\cosc345repo\sfml minesweeper\sfmlproject\sfmlproject\debug\statemachine.obj
c:\users\maxst\desktop\cosc345repo\sfml minesweeper\sfmlproject\sfmlproject\debug\vc141.idb
c:\users\maxst\desktop\cosc345repo\sfml minesweeper\sfmlproject\sfmlproject\debug\vc141.pdb
c:\users\maxst\desktop\cosc345repo\sfml minesweeper\sfmlproject\debug\sfmlproject.pdb
c:\users\maxst\desktop\cosc345repo\sfml minesweeper\sfmlproject\debug\sfmlproject.exe
c:\users\maxst\desktop\cosc345repo\sfml minesweeper\sfmlproject\debug\sfmlproject.ilk
c:\users\maxst\desktop\cosc345repo\sfml minesweeper\sfmlproject\sfmlproject\debug\sfmlproject.tlog\cl.command.1.tlog
c:\users\maxst\desktop\cosc345repo\sfml minesweeper\sfmlproject\sfmlproject\debug\sfmlproject.tlog\cl.read.1.tlog
c:\users\maxst\desktop\cosc345repo\sfml minesweeper\sfmlproject\sfmlproject\debug\sfmlproject.tlog\cl.write.1.tlog
c:\users\maxst\desktop\cosc345repo\sfml minesweeper\sfmlproject\sfmlproject\debug\sfmlproject.tlog\link.command.1.tlog
c:\users\maxst\desktop\cosc345repo\sfml minesweeper\sfmlproject\sfmlproject\debug\sfmlproject.tlog\link.read.1.tlog
c:\users\maxst\desktop\cosc345repo\sfml minesweeper\sfmlproject\sfmlproject\debug\sfmlproject.tlog\link.write.1.tlog
