c:\users\maxst\desktop\cosc345repo\alpha\alpha\debug\vc142.pdb
c:\users\maxst\desktop\cosc345repo\alpha\alpha\debug\vc142.idb
c:\users\maxst\desktop\cosc345repo\alpha\alpha\debug\statemachine.obj
c:\users\maxst\desktop\cosc345repo\alpha\alpha\debug\splashstate.obj
c:\users\maxst\desktop\cosc345repo\alpha\alpha\debug\player.obj
c:\users\maxst\desktop\cosc345repo\alpha\alpha\debug\mainmenustate.obj
c:\users\maxst\desktop\cosc345repo\alpha\alpha\debug\main.obj
c:\users\maxst\desktop\cosc345repo\alpha\alpha\debug\inputmanager.obj
c:\users\maxst\desktop\cosc345repo\alpha\alpha\debug\hardstate.obj
c:\users\maxst\desktop\cosc345repo\alpha\alpha\debug\gamestates.obj
c:\users\maxst\desktop\cosc345repo\alpha\alpha\debug\game.obj
c:\users\maxst\desktop\cosc345repo\alpha\alpha\debug\assetmanager.obj
c:\users\maxst\desktop\cosc345repo\alpha\debug\alpha.exe
c:\users\maxst\desktop\cosc345repo\alpha\debug\alpha.ilk
c:\users\maxst\desktop\cosc345repo\alpha\debug\alpha.pdb
c:\users\maxst\desktop\cosc345repo\alpha\alpha\debug\alpha.tlog\cl.command.1.tlog
c:\users\maxst\desktop\cosc345repo\alpha\alpha\debug\alpha.tlog\cl.read.1.tlog
c:\users\maxst\desktop\cosc345repo\alpha\alpha\debug\alpha.tlog\cl.write.1.tlog
c:\users\maxst\desktop\cosc345repo\alpha\alpha\debug\alpha.tlog\link.command.1.tlog
c:\users\maxst\desktop\cosc345repo\alpha\alpha\debug\alpha.tlog\link.read.1.tlog
c:\users\maxst\desktop\cosc345repo\alpha\alpha\debug\alpha.tlog\link.write.1.tlog
